------------------------------------------------------------------------------------------------------------------------

[2021-02-18 01:17:59 #1 store] 
Database 'C:\Users\jipgosaa\ownCloud\Iso-1Jon\COMUN IngSoft1\ENUNCIADOS\LABORATORIOS\LAB6-ObjectDbConfiguration\Castellano\Lab2objectDB\Lab2objectDB\America.odb' is opened by 1220@U110132

[2021-02-18 01:17:59 #2 type] 
Type domain.Country is not enhanced.

[2021-02-18 01:17:59 #3 type] 
Type domain.President is not enhanced.

[2021-02-18 01:17:59 #4 type] 
Type domain.City is not enhanced.

------------------------------------------------------------------------------------------------------------------------

[2021-02-18 01:18:22 #1 store] 
Database 'C:\Users\jipgosaa\ownCloud\Iso-1Jon\COMUN IngSoft1\ENUNCIADOS\LABORATORIOS\LAB6-ObjectDbConfiguration\Castellano\Lab2objectDB\Lab2objectDB\America.odb' is opened by 12980@U110132

[2021-02-18 01:18:22 #2 type] 
Type domain.Country is not enhanced.

[2021-02-18 01:18:22 #3 type] 
Type domain.President is not enhanced.

[2021-02-18 01:18:22 #4 type] 
Type domain.City is not enhanced.

------------------------------------------------------------------------------------------------------------------------

[2021-02-18 01:18:56 #1 store] 
Database 'C:\Users\jipgosaa\ownCloud\Iso-1Jon\COMUN IngSoft1\ENUNCIADOS\LABORATORIOS\LAB6-ObjectDbConfiguration\Castellano\Lab2objectDB\Lab2objectDB\America.odb' is opened by 20316@U110132

[2021-02-18 01:18:56 #2 type] 
Type domain.Country is not enhanced.

[2021-02-18 01:18:56 #3 type] 
Type domain.President is not enhanced.

[2021-02-18 01:18:56 #4 type] 
Type domain.City is not enhanced.

------------------------------------------------------------------------------------------------------------------------

[2021-02-18 01:24:29 #1 store] 
Database 'C:\Users\jipgosaa\ownCloud\Iso-1Jon\COMUN IngSoft1\ENUNCIADOS\LABORATORIOS\LAB6-ObjectDbConfiguration\Castellano\Lab2objectDB\Lab2objectDB\America.odb' is opened by 16684@U110132

[2021-02-18 01:24:29 #2 type] 
Type domain.Country is not enhanced.

[2021-02-18 01:24:29 #3 type] 
Type domain.President is not enhanced.

[2021-02-18 01:24:29 #4 type] 
Type domain.City is not enhanced.

------------------------------------------------------------------------------------------------------------------------

[2021-02-18 01:26:13 #1 store] 
Database 'C:\Users\jipgosaa\ownCloud\Iso-1Jon\COMUN IngSoft1\ENUNCIADOS\LABORATORIOS\LAB6-ObjectDbConfiguration\Castellano\Lab2objectDB\Lab2objectDB\America.odb' has been recovered (tr. 32-32)

[2021-02-18 01:26:13 #2 store] 
Database 'C:\Users\jipgosaa\ownCloud\Iso-1Jon\COMUN IngSoft1\ENUNCIADOS\LABORATORIOS\LAB6-ObjectDbConfiguration\Castellano\Lab2objectDB\Lab2objectDB\America.odb' is opened by 12352@U110132

[2021-02-18 01:26:13 #3 type] 
Type domain.Country is not enhanced.

[2021-02-18 01:26:13 #4 type] 
Type domain.President is not enhanced.

[2021-02-18 01:26:13 #5 type] 
Type domain.City is not enhanced.

------------------------------------------------------------------------------------------------------------------------

[2021-02-18 01:26:40 #1 store] 
Database 'C:\Users\jipgosaa\ownCloud\Iso-1Jon\COMUN IngSoft1\ENUNCIADOS\LABORATORIOS\LAB6-ObjectDbConfiguration\Castellano\Lab2objectDB\Lab2objectDB\America.odb' has been recovered (tr. 33-33)

[2021-02-18 01:26:40 #2 store] 
Database 'C:\Users\jipgosaa\ownCloud\Iso-1Jon\COMUN IngSoft1\ENUNCIADOS\LABORATORIOS\LAB6-ObjectDbConfiguration\Castellano\Lab2objectDB\Lab2objectDB\America.odb' is opened by 21184@U110132

[2021-02-18 01:26:40 #3 type] 
Type domain.Country is not enhanced.

[2021-02-18 01:26:40 #4 type] 
Type domain.President is not enhanced.

[2021-02-18 01:26:40 #5 type] 
Type domain.City is not enhanced.

------------------------------------------------------------------------------------------------------------------------

[2021-02-18 01:27:18 #1 store] 
Database 'C:\Users\jipgosaa\ownCloud\Iso-1Jon\COMUN IngSoft1\ENUNCIADOS\LABORATORIOS\LAB6-ObjectDbConfiguration\Castellano\Lab2objectDB\Lab2objectDB\America.odb' is opened by 13592@U110132

[2021-02-18 01:27:18 #2 type] 
Type domain.Country is not enhanced.

[2021-02-18 01:27:18 #3 type] 
Type domain.President is not enhanced.

[2021-02-18 01:27:18 #4 type] 
Type domain.City is not enhanced.

------------------------------------------------------------------------------------------------------------------------

[2021-02-18 01:28:21 #1 store] 
Database 'C:\Users\jipgosaa\ownCloud\Iso-1Jon\COMUN IngSoft1\ENUNCIADOS\LABORATORIOS\LAB6-ObjectDbConfiguration\Castellano\Lab2objectDB\Lab2objectDB\America.odb' is opened by 21364@U110132

[2021-02-18 01:28:22 #2 type] 
Type domain.Country is not enhanced.

[2021-02-18 01:28:22 #3 type] 
Type domain.President is not enhanced.

[2021-02-18 01:28:22 #4 type] 
Type domain.City is not enhanced.

------------------------------------------------------------------------------------------------------------------------

[2021-02-18 01:29:07 #1 store] 
Database 'C:\Users\jipgosaa\ownCloud\Iso-1Jon\COMUN IngSoft1\ENUNCIADOS\LABORATORIOS\LAB6-ObjectDbConfiguration\Castellano\Lab2objectDB\Lab2objectDB\America.odb' is opened by 12260@U110132

[2021-02-18 01:29:08 #2 type] 
Type domain.Country is not enhanced.

[2021-02-18 01:29:08 #3 type] 
Type domain.President is not enhanced.

[2021-02-18 01:29:08 #4 type] 
Type domain.City is not enhanced.

------------------------------------------------------------------------------------------------------------------------

[2021-02-18 01:29:43 #1 store] 
Database 'C:\Users\jipgosaa\ownCloud\Iso-1Jon\COMUN IngSoft1\ENUNCIADOS\LABORATORIOS\LAB6-ObjectDbConfiguration\Castellano\Lab2objectDB\Lab2objectDB\America.odb' is opened by 9252@U110132

[2021-02-18 01:29:43 #2 type] 
Type domain.Country is not enhanced.

[2021-02-18 01:29:43 #3 type] 
Type domain.President is not enhanced.

[2021-02-18 01:29:43 #4 type] 
Type domain.City is not enhanced.

------------------------------------------------------------------------------------------------------------------------

[2021-02-18 01:30:14 #1 store] 
Database 'C:\Users\jipgosaa\ownCloud\Iso-1Jon\COMUN IngSoft1\ENUNCIADOS\LABORATORIOS\LAB6-ObjectDbConfiguration\Castellano\Lab2objectDB\Lab2objectDB\America.odb' has been recovered (tr. 34-35)

[2021-02-18 01:30:14 #2 store] 
Database 'C:\Users\jipgosaa\ownCloud\Iso-1Jon\COMUN IngSoft1\ENUNCIADOS\LABORATORIOS\LAB6-ObjectDbConfiguration\Castellano\Lab2objectDB\Lab2objectDB\America.odb' is opened by 11448@U110132

[2021-02-18 01:30:14 #3 type] 
Type domain.Country is not enhanced.

[2021-02-18 01:30:14 #4 type] 
Type domain.President is not enhanced.

[2021-02-18 01:30:14 #5 type] 
Type domain.City is not enhanced.

------------------------------------------------------------------------------------------------------------------------

[2021-02-18 01:34:32 #1 store] 
Database 'C:\Users\jipgosaa\ownCloud\Iso-1Jon\COMUN IngSoft1\ENUNCIADOS\LABORATORIOS\LAB6-ObjectDbConfiguration\Castellano\Lab2objectDB\Lab2objectDB\America.odb' has been recovered (tr. 36-37)

[2021-02-18 01:34:32 #2 store] 
Database 'C:\Users\jipgosaa\ownCloud\Iso-1Jon\COMUN IngSoft1\ENUNCIADOS\LABORATORIOS\LAB6-ObjectDbConfiguration\Castellano\Lab2objectDB\Lab2objectDB\America.odb' is opened by 18016@U110132

[2021-02-18 01:34:32 #3 type] 
Type domain.Country is not enhanced.

[2021-02-18 01:34:32 #4 type] 
Type domain.President is not enhanced.

[2021-02-18 01:34:32 #5 type] 
Type domain.City is not enhanced.

------------------------------------------------------------------------------------------------------------------------

[2021-02-18 01:34:53 #1 store] 
Database 'C:\Users\jipgosaa\ownCloud\Iso-1Jon\COMUN IngSoft1\ENUNCIADOS\LABORATORIOS\LAB6-ObjectDbConfiguration\Castellano\Lab2objectDB\Lab2objectDB\America.odb' has been recovered (tr. 38-38)

[2021-02-18 01:34:53 #2 store] 
Database 'C:\Users\jipgosaa\ownCloud\Iso-1Jon\COMUN IngSoft1\ENUNCIADOS\LABORATORIOS\LAB6-ObjectDbConfiguration\Castellano\Lab2objectDB\Lab2objectDB\America.odb' is opened by 18704@U110132

[2021-02-18 01:34:54 #3 type] 
Type domain.Country is not enhanced.

[2021-02-18 01:34:54 #4 type] 
Type domain.President is not enhanced.

[2021-02-18 01:34:54 #5 type] 
Type domain.City is not enhanced.

------------------------------------------------------------------------------------------------------------------------

[2021-02-18 01:35:31 #1 store] 
Database 'C:\Users\jipgosaa\ownCloud\Iso-1Jon\COMUN IngSoft1\ENUNCIADOS\LABORATORIOS\LAB6-ObjectDbConfiguration\Castellano\Lab2objectDB\Lab2objectDB\America.odb' is opened by 14212@U110132

[2021-02-18 01:35:31 #2 type] 
Type domain.Country is not enhanced.

[2021-02-18 01:35:31 #3 type] 
Type domain.President is not enhanced.

[2021-02-18 01:35:31 #4 type] 
Type domain.City is not enhanced.

------------------------------------------------------------------------------------------------------------------------

[2021-02-18 01:37:24 #1 store] 
Database 'C:\Users\jipgosaa\ownCloud\Iso-1Jon\COMUN IngSoft1\ENUNCIADOS\LABORATORIOS\LAB6-ObjectDbConfiguration\Castellano\Lab2objectDB\Lab2objectDB\America.odb' is opened by 9708@U110132

[2021-02-18 01:37:24 #2 type] 
Type domain.Country is not enhanced.

[2021-02-18 01:37:24 #3 type] 
Type domain.President is not enhanced.

[2021-02-18 01:37:24 #4 type] 
Type domain.City is not enhanced.

------------------------------------------------------------------------------------------------------------------------

[2021-02-18 01:37:40 #1 store] 
Database 'C:\Users\jipgosaa\ownCloud\Iso-1Jon\COMUN IngSoft1\ENUNCIADOS\LABORATORIOS\LAB6-ObjectDbConfiguration\Castellano\Lab2objectDB\Lab2objectDB\America.odb' is opened by 4784@U110132

[2021-02-18 01:37:40 #2 type] 
Type domain.Country is not enhanced.

[2021-02-18 01:37:40 #3 type] 
Type domain.President is not enhanced.

[2021-02-18 01:37:40 #4 type] 
Type domain.City is not enhanced.

------------------------------------------------------------------------------------------------------------------------

[2021-02-18 01:37:53 #1 store] 
Database 'C:\Users\jipgosaa\ownCloud\Iso-1Jon\COMUN IngSoft1\ENUNCIADOS\LABORATORIOS\LAB6-ObjectDbConfiguration\Castellano\Lab2objectDB\Lab2objectDB\America.odb' has been recovered (tr. 39-39)

[2021-02-18 01:37:53 #2 store] 
Database 'C:\Users\jipgosaa\ownCloud\Iso-1Jon\COMUN IngSoft1\ENUNCIADOS\LABORATORIOS\LAB6-ObjectDbConfiguration\Castellano\Lab2objectDB\Lab2objectDB\America.odb' is opened by 16640@U110132

[2021-02-18 01:37:53 #3 type] 
Type domain.Country is not enhanced.

[2021-02-18 01:37:53 #4 type] 
Type domain.President is not enhanced.

[2021-02-18 01:37:53 #5 type] 
Type domain.City is not enhanced.

------------------------------------------------------------------------------------------------------------------------

[2021-02-18 01:42:37 #1 store] 
Database 'C:\Users\jipgosaa\ownCloud\Iso-1Jon\COMUN IngSoft1\ENUNCIADOS\LABORATORIOS\LAB6-ObjectDbConfiguration\Castellano\Lab2objectDB\Lab2objectDB\America.odb' is opened by 15368@U110132

[2021-02-18 01:42:37 #2 type] 
Type domain.Country is not enhanced.

[2021-02-18 01:42:37 #3 type] 
Type domain.President is not enhanced.

[2021-02-18 01:42:37 #4 type] 
Type domain.City is not enhanced.

------------------------------------------------------------------------------------------------------------------------

[2021-02-18 01:51:27 #1 store] 
Database 'C:\Users\jipgosaa\ownCloud\Iso-1Jon\COMUN IngSoft1\ENUNCIADOS\LABORATORIOS\LAB6-ObjectDbConfiguration\Castellano\Lab2objectDB\Lab2objectDB\America.odb' has been recovered (tr. 40-40)

[2021-02-18 01:51:27 #2 store] 
Database 'C:\Users\jipgosaa\ownCloud\Iso-1Jon\COMUN IngSoft1\ENUNCIADOS\LABORATORIOS\LAB6-ObjectDbConfiguration\Castellano\Lab2objectDB\Lab2objectDB\America.odb' is opened by 21892@U110132

[2021-02-18 01:51:27 #3 type] 
Type domain.Country is not enhanced.

[2021-02-18 01:51:27 #4 type] 
Type domain.President is not enhanced.

[2021-02-18 01:51:27 #5 type] 
Type domain.City is not enhanced.

------------------------------------------------------------------------------------------------------------------------

[2021-02-18 01:58:19 #1 store] 
Database 'C:\Users\jipgosaa\ownCloud\Iso-1Jon\COMUN IngSoft1\ENUNCIADOS\LABORATORIOS\LAB6-ObjectDbConfiguration\Castellano\Lab2objectDB\Lab2objectDB\America.odb' is opened by 4296@U110132

[2021-02-18 01:58:19 #2 type] 
Type domain.Country is not enhanced.

[2021-02-18 01:58:19 #3 type] 
Type domain.President is not enhanced.

[2021-02-18 01:58:19 #4 type] 
Type domain.City is not enhanced.

------------------------------------------------------------------------------------------------------------------------

[2021-02-18 01:58:28 #1 store] 
Database 'C:\Users\jipgosaa\ownCloud\Iso-1Jon\COMUN IngSoft1\ENUNCIADOS\LABORATORIOS\LAB6-ObjectDbConfiguration\Castellano\Lab2objectDB\Lab2objectDB\America.odb' has been recovered (tr. 40-40)

[2021-02-18 01:58:28 #2 store] 
Database 'C:\Users\jipgosaa\ownCloud\Iso-1Jon\COMUN IngSoft1\ENUNCIADOS\LABORATORIOS\LAB6-ObjectDbConfiguration\Castellano\Lab2objectDB\Lab2objectDB\America.odb' is opened by 22272@U110132

[2021-02-18 01:58:28 #3 type] 
Type domain.Country is not enhanced.

[2021-02-18 01:58:28 #4 type] 
Type domain.President is not enhanced.

[2021-02-18 01:58:28 #5 type] 
Type domain.City is not enhanced.

------------------------------------------------------------------------------------------------------------------------

[2021-02-18 02:12:37 #1 store] 
Database 'C:\Users\jipgosaa\ownCloud\Iso-1Jon\COMUN IngSoft1\ENUNCIADOS\LABORATORIOS\LAB6-ObjectDbConfiguration\Castellano\Lab2objectDB\Lab2objectDB\America.odb' is opened by 7840@U110132

[2021-02-18 02:12:37 #2 type] 
Type domain.Country is not enhanced.

[2021-02-18 02:12:37 #3 type] 
Type domain.President is not enhanced.

[2021-02-18 02:12:37 #4 type] 
Type domain.City is not enhanced.

------------------------------------------------------------------------------------------------------------------------

[2021-02-18 12:09:29 #1 store] 
Database 'C:\Users\jipgosaa\ownCloud\Iso-1Jon\COMUN IngSoft1\ENUNCIADOS\LABORATORIOS\LAB6-ObjectDbConfiguration\Castellano\Lab2objectDB\Lab2objectDB\America.odb' is opened by 24476@U110132

[2021-02-18 12:09:29 #2 type] 
Type domain.Country is not enhanced.

[2021-02-18 12:09:29 #3 type] 
Type domain.President is not enhanced.

[2021-02-18 12:09:29 #4 type] 
Type domain.City is not enhanced.

------------------------------------------------------------------------------------------------------------------------

[2021-02-18 13:57:05 #1 store] 
Database 'C:\Users\jipgosaa\ownCloud\Iso-1Jon\COMUN IngSoft1\ENUNCIADOS\LABORATORIOS\LAB6-ObjectDbConfiguration\Castellano\Lab2objectDB\Lab2objectDB\America.odb' has been recovered (tr. 40-40)

[2021-02-18 13:57:05 #2 store] 
Database 'C:\Users\jipgosaa\ownCloud\Iso-1Jon\COMUN IngSoft1\ENUNCIADOS\LABORATORIOS\LAB6-ObjectDbConfiguration\Castellano\Lab2objectDB\Lab2objectDB\America.odb' is opened by 15324@U110132

[2021-02-18 13:57:05 #3 type] 
Type domain.Country is not enhanced.

[2021-02-18 13:57:05 #4 type] 
Type domain.President is not enhanced.

[2021-02-18 13:57:05 #5 type] 
Type domain.City is not enhanced.

