------------------------------------------------------------------------------------------------------------------------

[2021-02-17 18:22:37 #1 store] 
Database 'C:\Users\jipgosaa\ownCloud\Iso-1Jon\COMUN IngSoft1\ENUNCIADOS\LABORATORIOS\LAB6-ObjectDbConfiguration\Castellano\Lab2objectDB\Lab2objectDB\America.odb' is opened by 16936@U110132

[2021-02-17 18:22:37 #2 type] 
Type domain.Country is not enhanced.

[2021-02-17 18:22:37 #3 type] 
Type domain.President is not enhanced.

[2021-02-17 18:22:37 #4 type] 
Type domain.City is not enhanced.

------------------------------------------------------------------------------------------------------------------------

[2021-02-17 18:29:22 #1 store] 
Database 'C:\Users\jipgosaa\ownCloud\Iso-1Jon\COMUN IngSoft1\ENUNCIADOS\LABORATORIOS\LAB6-ObjectDbConfiguration\Castellano\Lab2objectDB\Lab2objectDB\America.odb' is opened by 21204@U110132

[2021-02-17 18:29:22 #2 type] 
Type domain.Country is not enhanced.

[2021-02-17 18:29:22 #3 type] 
Type domain.President is not enhanced.

[2021-02-17 18:29:22 #4 type] 
Type domain.City is not enhanced.

------------------------------------------------------------------------------------------------------------------------

[2021-02-17 18:31:18 #1 store] 
Database 'C:\Users\jipgosaa\ownCloud\Iso-1Jon\COMUN IngSoft1\ENUNCIADOS\LABORATORIOS\LAB6-ObjectDbConfiguration\Castellano\Lab2objectDB\Lab2objectDB\America.odb' is opened by 19556@U110132

[2021-02-17 18:31:18 #2 type] 
Type domain.Country is not enhanced.

[2021-02-17 18:31:18 #3 type] 
Type domain.President is not enhanced.

[2021-02-17 18:31:18 #4 type] 
Type domain.City is not enhanced.

------------------------------------------------------------------------------------------------------------------------

[2021-02-17 18:44:28 #1 store] 
Database 'C:\Users\jipgosaa\ownCloud\Iso-1Jon\COMUN IngSoft1\ENUNCIADOS\LABORATORIOS\LAB6-ObjectDbConfiguration\Castellano\Lab2objectDB\Lab2objectDB\America.odb' is opened by 20944@U110132

[2021-02-17 18:44:28 #2 type] 
Type domain.Country is not enhanced.

[2021-02-17 18:44:28 #3 type] 
Type domain.President is not enhanced.

[2021-02-17 18:44:28 #4 type] 
Type domain.City is not enhanced.

